<?xml version="1.0" encoding="UTF-8"?>
<robot generator="Robot 6.0.2 (Python 3.10.4 on win32)" generated="20231107 20:51:47.559" rpa="false" schemaversion="3">
<suite id="s1" name="EmailLogin" source="C:\Users\Marci\PycharmProjects\pythonProject\Automation\EmailLogin.robot">
<test id="s1-t1" name="Open Page Test" line="9">
<kw name="Open page">
<kw name="Open Browser" library="SeleniumLibrary">
<doc>Opens a new browser instance to the optional ``url``.</doc>
<msg timestamp="20231107 20:51:48.074" level="INFO">Opening browser 'firefox' to base url 'None'.</msg>
<msg timestamp="20231107 20:51:48.083" level="INFO">Firefox driver log is always forced to to: C:\Users\Marci\PycharmProjects\pythonProject\Automation\Results\geckodriver-2.log</msg>
<msg timestamp="20231107 20:51:52.953" level="INFO">Cannot capture screenshot because no browser is open.</msg>
<msg timestamp="20231107 20:51:52.953" level="FAIL">WebDriverException: Message: Process unexpectedly closed with status 0
</msg>
<status status="FAIL" starttime="20231107 20:51:48.074" endtime="20231107 20:51:53.065"/>
</kw>
<kw name="Maximize Browser Window" library="SeleniumLibrary">
<doc>Maximizes current browser window.</doc>
<status status="NOT RUN" starttime="20231107 20:51:53.065" endtime="20231107 20:51:53.065"/>
</kw>
<kw name="Go To" library="SeleniumLibrary">
<arg>${LOGIN URL}</arg>
<doc>Navigates the current browser window to the provided ``url``.</doc>
<status status="NOT RUN" starttime="20231107 20:51:53.065" endtime="20231107 20:51:53.065"/>
</kw>
<kw name="Wait Until Page Contains Element" library="SeleniumLibrary">
<arg>id:onetrust-accept-btn-handler</arg>
<doc>Waits until the element ``locator`` appears on the current page.</doc>
<status status="NOT RUN" starttime="20231107 20:51:53.065" endtime="20231107 20:51:53.065"/>
</kw>
<kw name="Click Element" library="SeleniumLibrary">
<arg>id:onetrust-accept-btn-handler</arg>
<doc>Click the element identified by ``locator``.</doc>
<status status="NOT RUN" starttime="20231107 20:51:53.065" endtime="20231107 20:51:53.065"/>
</kw>
<status status="FAIL" starttime="20231107 20:51:48.073" endtime="20231107 20:51:53.066"/>
</kw>
<status status="FAIL" starttime="20231107 20:51:48.073" endtime="20231107 20:51:53.066">WebDriverException: Message: Process unexpectedly closed with status 0
</status>
</test>
<test id="s1-t2" name="Open Search Box TEst" line="12">
<kw name="Open Search">
<kw name="Wait Until Page Contains Element" library="SeleniumLibrary">
<arg>id:submit-searchmain</arg>
<doc>Waits until the element ``locator`` appears on the current page.</doc>
<msg timestamp="20231107 20:51:53.071" level="INFO">Cannot capture screenshot because no browser is open.</msg>
<msg timestamp="20231107 20:51:53.071" level="FAIL">No browser is open.</msg>
<status status="FAIL" starttime="20231107 20:51:53.070" endtime="20231107 20:51:53.122"/>
</kw>
<kw name="Double Click Element" library="SeleniumLibrary">
<arg>id:submit-searchmain</arg>
<doc>Double clicks the element identified by ``locator``.</doc>
<status status="NOT RUN" starttime="20231107 20:51:53.122" endtime="20231107 20:51:53.122"/>
</kw>
<kw name="Wait Until Page Contains Element" library="SeleniumLibrary">
<arg>class:css-1m2f27v</arg>
<doc>Waits until the element ``locator`` appears on the current page.</doc>
<status status="NOT RUN" starttime="20231107 20:51:53.122" endtime="20231107 20:51:53.122"/>
</kw>
<kw name="Input Text" library="SeleniumLibrary">
<arg>name:range-from-input</arg>
<arg>300000</arg>
<doc>Types the given ``text`` into the text field identified by ``locator``.</doc>
<status status="NOT RUN" starttime="20231107 20:51:53.122" endtime="20231107 20:51:53.122"/>
</kw>
<kw name="Input Text" library="SeleniumLibrary">
<arg>name:range-to-input</arg>
<arg>600000</arg>
<doc>Types the given ``text`` into the text field identified by ``locator``.</doc>
<status status="NOT RUN" starttime="20231107 20:51:53.122" endtime="20231107 20:51:53.123"/>
</kw>
<status status="FAIL" starttime="20231107 20:51:53.070" endtime="20231107 20:51:53.123"/>
</kw>
<kw name="TEst">
<status status="NOT RUN" starttime="20231107 20:51:53.128" endtime="20231107 20:51:53.128"/>
</kw>
<status status="FAIL" starttime="20231107 20:51:53.068" endtime="20231107 20:51:53.130">No browser is open.</status>
</test>
<status status="FAIL" starttime="20231107 20:51:47.584" endtime="20231107 20:51:53.136"/>
</suite>
<statistics>
<total>
<stat pass="0" fail="2" skip="0">All Tests</stat>
</total>
<tag>
</tag>
<suite>
<stat pass="0" fail="2" skip="0" id="s1" name="EmailLogin">EmailLogin</stat>
</suite>
</statistics>
<errors>
</errors>
</robot>
